<?xml version="1.0" encoding="UTF-8"?>
<testsuite name="Base64Test" tests="1" skipped="0" failures="0" errors="0" timestamp="2023-03-06T11:05:55" hostname="Matiass-MacBook-Pro.local" time="0.005">
  <properties/>
  <testcase name="EncodeText()" classname="Base64Test" time="0.005"/>
  <system-out><![CDATA[]]></system-out>
  <system-err><![CDATA[]]></system-err>
</testsuite>
